<?xml version="1.0" encoding="UTF-8"?>
<!-- Generated by org.testng.reporters.JUnitReportReporter -->
<testsuite hostname="DESKTOP-5CUCK2B" failures="0" tests="6" name="ru.netology.stats.StatsServiceTest" time="0.009" errors="0" timestamp="2023-01-24T09:57:17 GMT+07:00" skipped="0">
  <testcase classname="ru.netology.stats.StatsServiceTest" name="shouldFindMin" time="0.001"/>
  <system-out/>
  <testcase classname="ru.netology.stats.StatsServiceTest" name="calcAverageSum" time="0.007"/>
  <system-out/>
  <testcase classname="ru.netology.stats.StatsServiceTest" name="calcUpAverage" time="0.001"/>
  <system-out/>
  <testcase classname="ru.netology.stats.StatsServiceTest" name="shouldFindMax" time="0.000"/>
  <system-out/>
  <testcase classname="ru.netology.stats.StatsServiceTest" name="shouldcalcSum" time="0.000"/>
  <system-out/>
  <testcase classname="ru.netology.stats.StatsServiceTest" name="calcUnAverage" time="0.000"/>
  <system-out/>
</testsuite> <!-- ru.netology.stats.StatsServiceTest -->
